0193d349-76ff-4323-8d02-5c73530fc5e6.mp3
10741077_Remix.mp3
1554_Destroying_Education_and_Democracy_for_Fun_and_Profit_-_General.mp3
1679_The_Middle_East_War_Process-_Syrias_Transition_Israels_Expansion_and_Beyond.mp3
1680_-_1425_10.18.mp3
1680_Decivilization_or_A_Natural_Reaction_to_Inhumane_Systems.srt
1685_Working_People_Can_Choose_Between_Two_Abusive_Relationships_With_Political_Parties.mp3
1685_Working_People_Can_Choose_Between_Two_Abusive_Relationships_With_Political_Parties.srt
1688.mp3
1689_The_Media_and_the_Moguls.mp3
1690_Oligarchy_Unmasked-_Why_Billionaires_Hate_Democracy_and_How_Theyre_Dismantling_It_-_2925_19.31.mp3
1c3410ac-193d-4ffb-aeaa-079e1a86fdcd.mp3
20240204_1830_doesClassInequalityStillMatter.mp3_mixdown.mp3
20241120_lseiq_ep69_whoOwnsOuterSpace.mp3
20241212_1830_automationManagementAndTheFutureOfWork.mp3
20250107_lseiq_ep70_riversSeasSewage.mp3
20250113_1830_vultureCapitalism.mp3
20250122_1830_theArtOfUncertaintyLivingWithChanceIgnoranceRiskAndLuck.mp3
20250130_1830_genesisArtificialIntelligenceHopeAndTheHumanSpirit.mp3
20250203_1830_sustainabilityAndProsperityInTheAgeOfEcologicalScarcity.mp3
20250204_lseiq_ep71_doWeNeedToDrive.mp3
2a346775-73cf-4ba1-be0b-0986c89497fe.mp3
373959f2-dcdb-4dfd-8c8f-96ad1c6f2c76.mp3
417f2d7f-f4c6-4834-9e5f-08d78743bce8.mp3
66e3ab16-b17d-4bf1-9e3a-f01bd4b82228.mp3
98bbdbe6-b28a-4905-8b5e-36016f0fafbf.mp3
a67847b0-7c76-4325-a0b6-3a519b370cd2.mp3
b961a050-d94a-4d3d-a583-7652f61ac4f2.mp3
c7360b6f-31cc-4ba1-9038-bd422e16b589.mp3
Core_Texts_Class_Announcement_1-1-24.mp3
e01c8f41-744e-48e7-9d39-7a2f1e99379b.mp3
e2c17f20-90bd-47e5-863b-ec88c4e3c561.mp3
monima_chadha.m4a
PEL_ep_357pt2_11-24-24.mp3
PEL_ep_358pt1_12-10-24.mp3
PEL_ep_359pt1_1-5-24.mp3
PEL_ep_359pt2_1-5-24.mp3
PEL_ep_360pt1_1-12-25.mp3
PEL_ep_360pt2_1-12-25.mp3
PEL_Nightcap_12-21-24.mp3
peter_momtchiloff.mp3
SAMPLE_BONUS_331_-_The_realignment_will_make_you_seasick.mp3
SAMPLE_SOLVED_334_-_SOLVED_Collaborators_Internal_Exiles_and_Dissidents.mp3
Samuel_Scheffler.mp3
talbotcr01-medium-audio.mp3
